# JRE version: OpenJDK Runtime Environment Homebrew (23.0.2) (build 23.0.2)
# Java VM: OpenJDK 64-Bit Server VM Homebrew (23.0.2, mixed mode, sharing, tiered, compressed oops, compressed class ptrs, g1 gc, bsd-aarch64)
GC Precious Log:
 CardTable entry size: 512
 Card Set container configuration: InlinePtr #cards 4 size 8 Array Of Cards #cards 64 size 144 Howl #buckets 8 coarsen threshold 14745 Howl Bitmap #cards 2048 size 272 coarsen threshold 1843 Card regions per heap region 1 cards per card region 16384
 CPUs: 14 total, 14 available
 Memory: 36864M
 Large Page Support: Disabled
 NUMA Support: Disabled
 Compressed Oops: Enabled (Zero based)
 Heap Region Size: 8M
 Heap Min Capacity: 8M
 Heap Initial Capacity: 576M
 Heap Max Capacity: 9G
 Pre-touch: Disabled
 Parallel Workers: 11
 Concurrent Workers: 3
 Concurrent Refinement Workers: 11
 Periodic GC: Disabled
Heap:
 garbage-first heap   total reserved 9437184K, committed 557056K, used 162279K [0x0000000300800000, 0x0000000540800000)
  region size 8192K, 13 young (106496K), 1 survivors (8192K)
 Metaspace       used 37294K, committed 37888K, reserved 1114112K
  class space    used 4866K, committed 5120K, reserved 1048576K
GC Heap History (20 events):
Event: 30.885 GC heap before
{Heap before GC invocations=125 (full 0):
 garbage-first heap   total reserved 9437184K, committed 557056K, used 243636K [0x0000000300800000, 0x0000000540800000)
  region size 8192K, 3 young (24576K), 1 survivors (8192K)
 Metaspace       used 37069K, committed 37696K, reserved 1114112K
  class space    used 4862K, committed 5120K, reserved 1048576K
}
Event: 30.886 GC heap after
{Heap after GC invocations=126 (full 0):
 garbage-first heap   total reserved 9437184K, committed 557056K, used 55311K [0x0000000300800000, 0x0000000540800000)
  region size 8192K, 1 young (8192K), 1 survivors (8192K)
 Metaspace       used 37069K, committed 37696K, reserved 1114112K
  class space    used 4862K, committed 5120K, reserved 1048576K
}
Event: 31.081 GC heap before
{Heap before GC invocations=126 (full 0):
 garbage-first heap   total reserved 9437184K, committed 557056K, used 235535K [0x0000000300800000, 0x0000000540800000)
  region size 8192K, 2 young (16384K), 1 survivors (8192K)
 Metaspace       used 37069K, committed 37696K, reserved 1114112K
  class space    used 4862K, committed 5120K, reserved 1048576K
}
Event: 31.082 GC heap after
{Heap after GC invocations=127 (full 0):
 garbage-first heap   total reserved 9437184K, committed 557056K, used 55363K [0x0000000300800000, 0x0000000540800000)
  region size 8192K, 1 young (8192K), 1 survivors (8192K)
 Metaspace       used 37069K, committed 37696K, reserved 1114112K
  class space    used 4862K, committed 5120K, reserved 1048576K
}
Event: 31.272 GC heap before
{Heap before GC invocations=127 (full 0):
 garbage-first heap   total reserved 9437184K, committed 557056K, used 243779K [0x0000000300800000, 0x0000000540800000)
  region size 8192K, 3 young (24576K), 1 survivors (8192K)
 Metaspace       used 37069K, committed 37696K, reserved 1114112K
  class space    used 4862K, committed 5120K, reserved 1048576K
}
Event: 31.273 GC heap after
{Heap after GC invocations=128 (full 0):
 garbage-first heap   total reserved 9437184K, committed 557056K, used 55626K [0x0000000300800000, 0x0000000540800000)
  region size 8192K, 1 young (8192K), 1 survivors (8192K)
 Metaspace       used 37069K, committed 37696K, reserved 1114112K
  class space    used 4862K, committed 5120K, reserved 1048576K
}
Event: 31.463 GC heap before
{Heap before GC invocations=128 (full 0):
 garbage-first heap   total reserved 9437184K, committed 557056K, used 235850K [0x0000000300800000, 0x0000000540800000)
  region size 8192K, 2 young (16384K), 1 survivors (8192K)
 Metaspace       used 37069K, committed 37696K, reserved 1114112K
  class space    used 4862K, committed 5120K, reserved 1048576K
}
Event: 31.463 GC heap after
{Heap after GC invocations=129 (full 0):
 garbage-first heap   total reserved 9437184K, committed 557056K, used 55884K [0x0000000300800000, 0x0000000540800000)
  region size 8192K, 1 young (8192K), 1 survivors (8192K)
 Metaspace       used 37069K, committed 37696K, reserved 1114112K
  class space    used 4862K, committed 5120K, reserved 1048576K
}
Event: 31.660 GC heap before
{Heap before GC invocations=129 (full 0):
 garbage-first heap   total reserved 9437184K, committed 557056K, used 244300K [0x0000000300800000, 0x0000000540800000)
  region size 8192K, 3 young (24576K), 1 survivors (8192K)
 Metaspace       used 37071K, committed 37696K, reserved 1114112K
  class space    used 4862K, committed 5120K, reserved 1048576K
}
Event: 31.661 GC heap after
{Heap after GC invocations=130 (full 0):
 garbage-first heap   total reserved 9437184K, committed 557056K, used 56079K [0x0000000300800000, 0x0000000540800000)
  region size 8192K, 1 young (8192K), 1 survivors (8192K)
 Metaspace       used 37071K, committed 37696K, reserved 1114112K
  class space    used 4862K, committed 5120K, reserved 1048576K
}
Event: 31.855 GC heap before
{Heap before GC invocations=130 (full 0):
 garbage-first heap   total reserved 9437184K, committed 557056K, used 236303K [0x0000000300800000, 0x0000000540800000)
  region size 8192K, 2 young (16384K), 1 survivors (8192K)
 Metaspace       used 37071K, committed 37696K, reserved 1114112K
  class space    used 4862K, committed 5120K, reserved 1048576K
}
Event: 31.856 GC heap after
{Heap after GC invocations=131 (full 0):
 garbage-first heap   total reserved 9437184K, committed 557056K, used 55601K [0x0000000300800000, 0x0000000540800000)
  region size 8192K, 1 young (8192K), 1 survivors (8192K)
 Metaspace       used 37071K, committed 37696K, reserved 1114112K
  class space    used 4862K, committed 5120K, reserved 1048576K
}
Event: 32.052 GC heap before
{Heap before GC invocations=131 (full 0):
 garbage-first heap   total reserved 9437184K, committed 557056K, used 244017K [0x0000000300800000, 0x0000000540800000)
  region size 8192K, 3 young (24576K), 1 survivors (8192K)
 Metaspace       used 37075K, committed 37696K, reserved 1114112K
  class space    used 4862K, committed 5120K, reserved 1048576K
}
Event: 32.053 GC heap after
{Heap after GC invocations=132 (full 0):
 garbage-first heap   total reserved 9437184K, committed 557056K, used 55692K [0x0000000300800000, 0x0000000540800000)
  region size 8192K, 1 young (8192K), 1 survivors (8192K)
 Metaspace       used 37075K, committed 37696K, reserved 1114112K
  class space    used 4862K, committed 5120K, reserved 1048576K
}
Event: 32.238 GC heap before
{Heap before GC invocations=132 (full 0):
 garbage-first heap   total reserved 9437184K, committed 557056K, used 235916K [0x0000000300800000, 0x0000000540800000)
  region size 8192K, 2 young (16384K), 1 survivors (8192K)
 Metaspace       used 37076K, committed 37696K, reserved 1114112K
  class space    used 4862K, committed 5120K, reserved 1048576K
}
Event: 32.238 GC heap after
{Heap after GC invocations=133 (full 0):
 garbage-first heap   total reserved 9437184K, committed 557056K, used 55698K [0x0000000300800000, 0x0000000540800000)
  region size 8192K, 1 young (8192K), 1 survivors (8192K)
 Metaspace       used 37076K, committed 37696K, reserved 1114112K
  class space    used 4862K, committed 5120K, reserved 1048576K
}
Event: 32.433 GC heap before
{Heap before GC invocations=133 (full 0):
 garbage-first heap   total reserved 9437184K, committed 557056K, used 235922K [0x0000000300800000, 0x0000000540800000)
  region size 8192K, 2 young (16384K), 1 survivors (8192K)
 Metaspace       used 37079K, committed 37696K, reserved 1114112K
  class space    used 4862K, committed 5120K, reserved 1048576K
}
Event: 32.434 GC heap after
{Heap after GC invocations=134 (full 0):
 garbage-first heap   total reserved 9437184K, committed 557056K, used 55726K [0x0000000300800000, 0x0000000540800000)
  region size 8192K, 1 young (8192K), 1 survivors (8192K)
 Metaspace       used 37079K, committed 37696K, reserved 1114112K
  class space    used 4862K, committed 5120K, reserved 1048576K
}
Event: 32.625 GC heap before
{Heap before GC invocations=134 (full 0):
 garbage-first heap   total reserved 9437184K, committed 557056K, used 235950K [0x0000000300800000, 0x0000000540800000)
  region size 8192K, 2 young (16384K), 1 survivors (8192K)
 Metaspace       used 37083K, committed 37696K, reserved 1114112K
  class space    used 4862K, committed 5120K, reserved 1048576K
}
Event: 32.626 GC heap after
{Heap after GC invocations=135 (full 0):
 garbage-first heap   total reserved 9437184K, committed 557056K, used 55783K [0x0000000300800000, 0x0000000540800000)
  region size 8192K, 1 young (8192K), 1 survivors (8192K)
 Metaspace       used 37083K, committed 37696K, reserved 1114112K
  class space    used 4862K, committed 5120K, reserved 1048576K
}

